<?xml version="1.0" encoding="UTF-8"?>
<testng-results skipped="0" failed="0" ignored="0" total="1" passed="1">
  <reporter-output>
    <line>
      <![CDATA[Checkbox is already unchecked]]>
    </line>
    <line>
      <![CDATA[Login successful]]>
    </line>
    <line>
      <![CDATA[Logout successful]]>
    </line>
  </reporter-output>
  <suite name="Default suite" duration-ms="25712" started-at="2020-03-02T18:13:01Z" finished-at="2020-03-02T18:13:27Z">
    <groups>
    </groups>
    <test name="Default test" duration-ms="25712" started-at="2020-03-02T18:13:01Z" finished-at="2020-03-02T18:13:27Z">
      <class name="com.TestCases.WiniumTest">
        <test-method status="PASS" signature="Test1()[pri:0, instance:com.TestCases.WiniumTest@46d56d67]" name="Test1" duration-ms="25657" started-at="2020-03-02T18:13:01Z" finished-at="2020-03-02T18:13:27Z">
          <reporter-output>
            <line>
              <![CDATA[Checkbox is already unchecked]]>
            </line>
            <line>
              <![CDATA[Login successful]]>
            </line>
            <line>
              <![CDATA[Logout successful]]>
            </line>
          </reporter-output>
        </test-method> <!-- Test1 -->
      </class> <!-- com.TestCases.WiniumTest -->
    </test> <!-- Default test -->
  </suite> <!-- Default suite -->
</testng-results>
